  MyForm.cpp
C:\Users\Глеб\Desktop\FileSharing-master\ReceiverPage.h(259,15): warning C4267: инициализация: преобразование из "size_t" в "int"; возможна потеря данных
C:\Users\Глеб\Desktop\FileSharing-master\SenderPage.h(161,3): error C3861: GetAdaptersInfo: идентификатор не найден
C:\Users\Глеб\Desktop\FileSharing-master\SenderPage.h(162,3): error C2065: IP_ADAPTER_INFO: необъявленный идентификатор
C:\Users\Глеб\Desktop\FileSharing-master\SenderPage.h(162,20): error C2065: adapterInfo: необъявленный идентификатор
C:\Users\Глеб\Desktop\FileSharing-master\SenderPage.h(162,35): error C2065: IP_ADAPTER_INFO: необъявленный идентификатор
C:\Users\Глеб\Desktop\FileSharing-master\SenderPage.h(162,51): error C2059: синтаксическая ошибка: )
C:\Users\Глеб\Desktop\FileSharing-master\SenderPage.h(164,23): error C2065: adapterInfo: необъявленный идентификатор
C:\Users\Глеб\Desktop\FileSharing-master\SenderPage.h(164,7): error C3861: GetAdaptersInfo: идентификатор не найден
C:\Users\Глеб\Desktop\FileSharing-master\SenderPage.h(166,9): error C2065: adapterInfo: необъявленный идентификатор
C:\Users\Глеб\Desktop\FileSharing-master\SenderPage.h(170,3): error C2065: IP_ADAPTER_INFO: необъявленный идентификатор
C:\Users\Глеб\Desktop\FileSharing-master\SenderPage.h(170,20): error C2065: current: необъявленный идентификатор
C:\Users\Глеб\Desktop\FileSharing-master\SenderPage.h(170,30): error C2065: adapterInfo: необъявленный идентификатор
C:\Users\Глеб\Desktop\FileSharing-master\SenderPage.h(172,10): error C2065: current: необъявленный идентификатор
C:\Users\Глеб\Desktop\FileSharing-master\SenderPage.h(174,25): error C2065: current: необъявленный идентификатор
C:\Users\Глеб\Desktop\FileSharing-master\SenderPage.h(175,27): error C2065: current: необъявленный идентификатор
C:\Users\Глеб\Desktop\FileSharing-master\SenderPage.h(181,24): error C2065: current: необъявленный идентификатор
C:\Users\Глеб\Desktop\FileSharing-master\SenderPage.h(182,26): error C2065: current: необъявленный идентификатор
C:\Users\Глеб\Desktop\FileSharing-master\SenderPage.h(190,4): error C2065: current: необъявленный идентификатор
C:\Users\Глеб\Desktop\FileSharing-master\SenderPage.h(190,14): error C2065: current: необъявленный идентификатор
C:\Users\Глеб\Desktop\FileSharing-master\SenderPage.h(193,8): error C2065: adapterInfo: необъявленный идентификатор
C:\Users\Глеб\Desktop\FileSharing-master\SenderPage.h(183,31): warning C4996: 'inet_ntoa': Use inet_ntop() or InetNtop() instead or define _WINSOCK_DEPRECATED_NO_WARNINGS to disable deprecated API warnings
  .NETFramework,Version=v4.7.2.AssemblyAttributes.cpp
  Создание кода...
