c:\users\глеб\source\repos\filesharing\filesharing\x64\debug\vc143.pdb
c:\users\глеб\source\repos\filesharing\filesharing\x64\debug\.netframework,version=v4.7.2.assemblyattributes.obj
c:\users\глеб\source\repos\filesharing\filesharing\x64\debug\myform.obj
c:\users\глеб\source\repos\filesharing\x64\debug\filesharing.exe
c:\users\глеб\source\repos\filesharing\x64\debug\filesharing.pdb
c:\users\глеб\source\repos\filesharing\filesharing\x64\debug\filesharing.res
c:\users\глеб\source\repos\filesharing\filesharing\x64\debug\filesharing.tlog\cl.command.1.tlog
c:\users\глеб\source\repos\filesharing\filesharing\x64\debug\filesharing.tlog\cl.items.tlog
c:\users\глеб\source\repos\filesharing\filesharing\x64\debug\filesharing.tlog\cl.read.1.tlog
c:\users\глеб\source\repos\filesharing\filesharing\x64\debug\filesharing.tlog\cl.write.1.tlog
c:\users\глеб\source\repos\filesharing\filesharing\x64\debug\filesharing.tlog\link.command.1.tlog
c:\users\глеб\source\repos\filesharing\filesharing\x64\debug\filesharing.tlog\link.read.1.tlog
c:\users\глеб\source\repos\filesharing\filesharing\x64\debug\filesharing.tlog\link.secondary.1.tlog
c:\users\глеб\source\repos\filesharing\filesharing\x64\debug\filesharing.tlog\link.write.1.tlog
c:\users\глеб\source\repos\filesharing\filesharing\x64\debug\filesharing.tlog\metagen.read.1.tlog
c:\users\глеб\source\repos\filesharing\filesharing\x64\debug\filesharing.tlog\metagen.write.1.tlog
c:\users\глеб\source\repos\filesharing\filesharing\x64\debug\filesharing.tlog\rc.command.1.tlog
c:\users\глеб\source\repos\filesharing\filesharing\x64\debug\filesharing.tlog\rc.read.1.tlog
c:\users\глеб\source\repos\filesharing\filesharing\x64\debug\filesharing.tlog\rc.write.1.tlog
c:\users\глеб\source\repos\filesharing\filesharing\x64\debug\filesharing.tlog\resgen.command.1.tlog
c:\users\глеб\source\repos\filesharing\filesharing\x64\debug\filesharing.tlog\resgen.read.1.tlog
c:\users\глеб\source\repos\filesharing\filesharing\x64\debug\filesharing.tlog\resgen.write.1.tlog
